2020-03-03 09:09:24.7015|ERROR|Microsoft.EntityFrameworkCore.Database.Connection|An error occurred using the connection to database 'Blog' on server '(localdb)\MSSQLLocalDB'.
2020-03-03 09:09:24.9161|ERROR|Microsoft.EntityFrameworkCore.Query|An exception occurred while iterating over the results of a query for context type 'Blog.Entities.DBContent'.
System.Data.SqlClient.SqlException (0x80131904): Connection Timeout Expired.  The timeout period elapsed while attempting to consume the pre-login handshake acknowledgement.  This could be because the pre-login handshake failed or the server was unable to respond back in time.  The duration spent while attempting to connect to this server was - [Pre-Login] initialization=15800; handshake=4;  ---> System.ComponentModel.Win32Exception (258): Время ожидания операции истекло
   at System.Data.SqlClient.SqlInternalConnectionTds..ctor(DbConnectionPoolIdentity identity, SqlConnectionString connectionOptions, SqlCredential credential, Object providerInfo, String newPassword, SecureString newSecurePassword, Boolean redirectedUserInstance, SqlConnectionString userConnectionOptions, SessionData reconnectSessionData, Boolean applyTransientFaultHandling, String accessToken)
   at System.Data.SqlClient.SqlConnectionFactory.CreateConnection(DbConnectionOptions options, DbConnectionPoolKey poolKey, Object poolGroupProviderInfo, DbConnectionPool pool, DbConnection owningConnection, DbConnectionOptions userOptions)
   at System.Data.ProviderBase.DbConnectionFactory.CreatePooledConnection(DbConnectionPool pool, DbConnection owningObject, DbConnectionOptions options, DbConnectionPoolKey poolKey, DbConnectionOptions userOptions)
   at System.Data.ProviderBase.DbConnectionPool.CreateObject(DbConnection owningObject, DbConnectionOptions userOptions, DbConnectionInternal oldConnection)
   at System.Data.ProviderBase.DbConnectionPool.UserCreateRequest(DbConnection owningObject, DbConnectionOptions userOptions, DbConnectionInternal oldConnection)
   at System.Data.ProviderBase.DbConnectionPool.TryGetConnection(DbConnection owningObject, UInt32 waitForMultipleObjectsTimeout, Boolean allowCreate, Boolean onlyOneCheckConnection, DbConnectionOptions userOptions, DbConnectionInternal& connection)
   at System.Data.ProviderBase.DbConnectionPool.TryGetConnection(DbConnection owningObject, TaskCompletionSource`1 retry, DbConnectionOptions userOptions, DbConnectionInternal& connection)
   at System.Data.ProviderBase.DbConnectionFactory.TryGetConnection(DbConnection owningConnection, TaskCompletionSource`1 retry, DbConnectionOptions userOptions, DbConnectionInternal oldConnection, DbConnectionInternal& connection)
   at System.Data.ProviderBase.DbConnectionInternal.TryOpenConnectionInternal(DbConnection outerConnection, DbConnectionFactory connectionFactory, TaskCompletionSource`1 retry, DbConnectionOptions userOptions)
   at System.Data.ProviderBase.DbConnectionClosed.TryOpenConnection(DbConnection outerConnection, DbConnectionFactory connectionFactory, TaskCompletionSource`1 retry, DbConnectionOptions userOptions)
   at System.Data.SqlClient.SqlConnection.TryOpen(TaskCompletionSource`1 retry)
   at System.Data.SqlClient.SqlConnection.Open()
   at Microsoft.EntityFrameworkCore.Storage.RelationalConnection.OpenDbConnection(Boolean errorsExpected)
   at Microsoft.EntityFrameworkCore.Storage.RelationalConnection.Open(Boolean errorsExpected)
   at Microsoft.EntityFrameworkCore.Query.Internal.QueryingEnumerable`1.Enumerator.BufferlessMoveNext(DbContext _, Boolean buffer)
   at Microsoft.EntityFrameworkCore.SqlServer.Storage.Internal.SqlServerExecutionStrategy.Execute[TState,TResult](TState state, Func`3 operation, Func`3 verifySucceeded)
   at Microsoft.EntityFrameworkCore.Query.Internal.QueryingEnumerable`1.Enumerator.MoveNext()
   at Microsoft.EntityFrameworkCore.Query.QueryMethodProvider.GetResult[TResult](IEnumerable`1 valueBuffers, Boolean throwOnNullResult)
   at Microsoft.EntityFrameworkCore.Query.Internal.LinqOperatorProvider.ResultEnumerable`1.GetEnumerator()
   at Microsoft.EntityFrameworkCore.Query.Internal.LinqOperatorProvider.ExceptionInterceptor`1.EnumeratorExceptionInterceptor.MoveNext()
ClientConnectionId:d6a45392-d9b6-482e-9c04-3e0f3b05c635
Error Number:-2,State:0,Class:11
2020-03-03 09:09:24.9292|ERROR|Microsoft.EntityFrameworkCore.Query|An exception occurred while iterating over the results of a query for context type 'Blog.Entities.DBContent'.
System.Data.SqlClient.SqlException (0x80131904): Connection Timeout Expired.  The timeout period elapsed while attempting to consume the pre-login handshake acknowledgement.  This could be because the pre-login handshake failed or the server was unable to respond back in time.  The duration spent while attempting to connect to this server was - [Pre-Login] initialization=15800; handshake=4;  ---> System.ComponentModel.Win32Exception (258): Время ожидания операции истекло
   at System.Data.SqlClient.SqlInternalConnectionTds..ctor(DbConnectionPoolIdentity identity, SqlConnectionString connectionOptions, SqlCredential credential, Object providerInfo, String newPassword, SecureString newSecurePassword, Boolean redirectedUserInstance, SqlConnectionString userConnectionOptions, SessionData reconnectSessionData, Boolean applyTransientFaultHandling, String accessToken)
   at System.Data.SqlClient.SqlConnectionFactory.CreateConnection(DbConnectionOptions options, DbConnectionPoolKey poolKey, Object poolGroupProviderInfo, DbConnectionPool pool, DbConnection owningConnection, DbConnectionOptions userOptions)
   at System.Data.ProviderBase.DbConnectionFactory.CreatePooledConnection(DbConnectionPool pool, DbConnection owningObject, DbConnectionOptions options, DbConnectionPoolKey poolKey, DbConnectionOptions userOptions)
   at System.Data.ProviderBase.DbConnectionPool.CreateObject(DbConnection owningObject, DbConnectionOptions userOptions, DbConnectionInternal oldConnection)
   at System.Data.ProviderBase.DbConnectionPool.UserCreateRequest(DbConnection owningObject, DbConnectionOptions userOptions, DbConnectionInternal oldConnection)
   at System.Data.ProviderBase.DbConnectionPool.TryGetConnection(DbConnection owningObject, UInt32 waitForMultipleObjectsTimeout, Boolean allowCreate, Boolean onlyOneCheckConnection, DbConnectionOptions userOptions, DbConnectionInternal& connection)
   at System.Data.ProviderBase.DbConnectionPool.TryGetConnection(DbConnection owningObject, TaskCompletionSource`1 retry, DbConnectionOptions userOptions, DbConnectionInternal& connection)
   at System.Data.ProviderBase.DbConnectionFactory.TryGetConnection(DbConnection owningConnection, TaskCompletionSource`1 retry, DbConnectionOptions userOptions, DbConnectionInternal oldConnection, DbConnectionInternal& connection)
   at System.Data.ProviderBase.DbConnectionInternal.TryOpenConnectionInternal(DbConnection outerConnection, DbConnectionFactory connectionFactory, TaskCompletionSource`1 retry, DbConnectionOptions userOptions)
   at System.Data.ProviderBase.DbConnectionClosed.TryOpenConnection(DbConnection outerConnection, DbConnectionFactory connectionFactory, TaskCompletionSource`1 retry, DbConnectionOptions userOptions)
   at System.Data.SqlClient.SqlConnection.TryOpen(TaskCompletionSource`1 retry)
   at System.Data.SqlClient.SqlConnection.Open()
   at Microsoft.EntityFrameworkCore.Storage.RelationalConnection.OpenDbConnection(Boolean errorsExpected)
   at Microsoft.EntityFrameworkCore.Storage.RelationalConnection.Open(Boolean errorsExpected)
   at Microsoft.EntityFrameworkCore.Query.Internal.QueryingEnumerable`1.Enumerator.BufferlessMoveNext(DbContext _, Boolean buffer)
   at Microsoft.EntityFrameworkCore.SqlServer.Storage.Internal.SqlServerExecutionStrategy.Execute[TState,TResult](TState state, Func`3 operation, Func`3 verifySucceeded)
   at Microsoft.EntityFrameworkCore.Query.Internal.QueryingEnumerable`1.Enumerator.MoveNext()
   at Microsoft.EntityFrameworkCore.Query.QueryMethodProvider.GetResult[TResult](IEnumerable`1 valueBuffers, Boolean throwOnNullResult)
   at Microsoft.EntityFrameworkCore.Query.Internal.LinqOperatorProvider.ResultEnumerable`1.GetEnumerator()
   at Microsoft.EntityFrameworkCore.Query.Internal.LinqOperatorProvider.ExceptionInterceptor`1.EnumeratorExceptionInterceptor.MoveNext()
   at System.Linq.Enumerable.TryGetFirst[TSource](IEnumerable`1 source, Boolean& found)
   at System.Linq.Enumerable.First[TSource](IEnumerable`1 source)
   at Microsoft.EntityFrameworkCore.Query.Internal.QueryCompiler.<>c__DisplayClass15_1`1.<CompileQueryCore>b__0(QueryContext qc)
ClientConnectionId:d6a45392-d9b6-482e-9c04-3e0f3b05c635
Error Number:-2,State:0,Class:11
2020-03-03 09:09:25.0406|FATAL|Microsoft.AspNetCore.Hosting.Internal.WebHost|Application startup exception
2020-03-03 10:34:26.0185|WARN|Microsoft.EntityFrameworkCore.Query|The LINQ expression 'where ((((((((([d].Id As Nullable`1) != null) == True) AndAlso Convert(([d].Id As Nullable`1), Int32).ToString().ToLower().Contains("60")) OrElse (([d].Name != null) AndAlso [d].Name.ToLower().Contains("60"))) OrElse (([d].PrewText != null) AndAlso [d].PrewText.ToLower().Contains("60"))) OrElse (([d].FullText != null) AndAlso [d].FullText.ToLower().Contains("60"))) OrElse (([d].Img != null) AndAlso [d].Img.ToLower().Contains("60"))) OrElse (([d].Author != null) AndAlso [d].Author.ToLower().Contains("60")))' could not be translated and will be evaluated locally.
2020-03-03 10:34:29.4101|INFO|Blog.Controllers.HomeController|Unexpected Status Code: 404, OriginalPath: /Blog/Blog
2020-03-03 10:35:29.6523|INFO|Blog.Controllers.HomeController|Unexpected Status Code: 404, OriginalPath: /Blog/Blog
2020-03-03 10:37:05.2881|WARN|Microsoft.EntityFrameworkCore.Query|The LINQ expression 'where ((((((((([d].Id As Nullable`1) != null) == True) AndAlso Convert(([d].Id As Nullable`1), Int32).ToString().ToLower().Contains("types")) OrElse (([d].Name != null) AndAlso [d].Name.ToLower().Contains("types"))) OrElse (([d].PrewText != null) AndAlso [d].PrewText.ToLower().Contains("types"))) OrElse (([d].FullText != null) AndAlso [d].FullText.ToLower().Contains("types"))) OrElse (([d].Img != null) AndAlso [d].Img.ToLower().Contains("types"))) OrElse (([d].Author != null) AndAlso [d].Author.ToLower().Contains("types")))' could not be translated and will be evaluated locally.
2020-03-03 10:37:18.5073|WARN|Microsoft.EntityFrameworkCore.Query|The LINQ expression 'where ((((((((([d].Id As Nullable`1) != null) == True) AndAlso Convert(([d].Id As Nullable`1), Int32).ToString().ToLower().Contains("types of exam")) OrElse (([d].Name != null) AndAlso [d].Name.ToLower().Contains("types of exam"))) OrElse (([d].PrewText != null) AndAlso [d].PrewText.ToLower().Contains("types of exam"))) OrElse (([d].FullText != null) AndAlso [d].FullText.ToLower().Contains("types of exam"))) OrElse (([d].Img != null) AndAlso [d].Img.ToLower().Contains("types of exam"))) OrElse (([d].Author != null) AndAlso [d].Author.ToLower().Contains("types of exam")))' could not be translated and will be evaluated locally.
2020-03-03 10:44:34.7241|WARN|Microsoft.EntityFrameworkCore.Query|The LINQ expression 'where ((((((((([d].Id As Nullable`1) != null) == True) AndAlso Convert(([d].Id As Nullable`1), Int32).ToString().ToLower().Contains("types")) OrElse (([d].Name != null) AndAlso [d].Name.ToLower().Contains("types"))) OrElse (([d].PrewText != null) AndAlso [d].PrewText.ToLower().Contains("types"))) OrElse (([d].FullText != null) AndAlso [d].FullText.ToLower().Contains("types"))) OrElse (([d].Img != null) AndAlso [d].Img.ToLower().Contains("types"))) OrElse (([d].Author != null) AndAlso [d].Author.ToLower().Contains("types")))' could not be translated and will be evaluated locally.
2020-03-03 10:44:35.0903|ERROR|Microsoft.AspNetCore.Server.Kestrel|Connection id "0HLTV9S8PS76U", Request id "0HLTV9S8PS76U:00000001": An unhandled exception was thrown by the application.
2020-03-03 10:44:41.3689|INFO|Blog.Controllers.HomeController|Unexpected Status Code: 404, OriginalPath: /Blog/Blog
2020-03-03 10:44:43.3750|INFO|Blog.Controllers.HomeController|Unexpected Status Code: 404, OriginalPath: /Blog/Blog
2020-03-03 10:46:25.8239|ERROR|Microsoft.AspNetCore.Server.Kestrel|Connection id "0HLTV9TDM0UNL", Request id "0HLTV9TDM0UNL:00000001": An unhandled exception was thrown by the application.
2020-03-03 10:46:27.4410|ERROR|Microsoft.AspNetCore.Server.Kestrel|Connection id "0HLTV9TDM0UNL", Request id "0HLTV9TDM0UNL:00000002": An unhandled exception was thrown by the application.
2020-03-03 10:47:15.7065|ERROR|Microsoft.AspNetCore.Server.Kestrel|Connection id "0HLTV9TSGG8JQ", Request id "0HLTV9TSGG8JQ:00000001": An unhandled exception was thrown by the application.
2020-03-03 10:47:21.4927|ERROR|Microsoft.AspNetCore.Server.Kestrel|Connection id "0HLTV9TSGG8JQ", Request id "0HLTV9TSGG8JQ:00000004": An unhandled exception was thrown by the application.
2020-03-03 10:47:49.7410|ERROR|Microsoft.AspNetCore.Server.Kestrel|Connection id "0HLTV9TSGG8JQ", Request id "0HLTV9TSGG8JQ:00000005": An unhandled exception was thrown by the application.
2020-03-03 10:49:15.2767|WARN|Microsoft.EntityFrameworkCore.Query|The LINQ expression 'where ((((((((([d].Id As Nullable`1) != null) == True) AndAlso Convert(([d].Id As Nullable`1), Int32).ToString().ToLower().Contains("60")) OrElse (([d].Name != null) AndAlso [d].Name.ToLower().Contains("60"))) OrElse (([d].PrewText != null) AndAlso [d].PrewText.ToLower().Contains("60"))) OrElse (([d].FullText != null) AndAlso [d].FullText.ToLower().Contains("60"))) OrElse (([d].Img != null) AndAlso [d].Img.ToLower().Contains("60"))) OrElse (([d].Author != null) AndAlso [d].Author.ToLower().Contains("60")))' could not be translated and will be evaluated locally.
2020-03-03 10:49:15.5364|ERROR|Microsoft.AspNetCore.Server.Kestrel|Connection id "0HLTV9USET8JB", Request id "0HLTV9USET8JB:00000004": An unhandled exception was thrown by the application.
2020-03-03 10:50:58.9805|WARN|Microsoft.EntityFrameworkCore.Query|The LINQ expression 'where ((((((((([d].Id As Nullable`1) != null) == True) AndAlso Convert(([d].Id As Nullable`1), Int32).ToString().ToLower().Contains("types of exam")) OrElse (([d].Name != null) AndAlso [d].Name.ToLower().Contains("types of exam"))) OrElse (([d].PrewText != null) AndAlso [d].PrewText.ToLower().Contains("types of exam"))) OrElse (([d].FullText != null) AndAlso [d].FullText.ToLower().Contains("types of exam"))) OrElse (([d].Img != null) AndAlso [d].Img.ToLower().Contains("types of exam"))) OrElse (([d].Author != null) AndAlso [d].Author.ToLower().Contains("types of exam")))' could not be translated and will be evaluated locally.
2020-03-03 10:50:59.2307|ERROR|Microsoft.AspNetCore.Server.Kestrel|Connection id "0HLTV9VMGG22D", Request id "0HLTV9VMGG22D:00000006": An unhandled exception was thrown by the application.
2020-03-03 10:51:36.8292|WARN|Microsoft.EntityFrameworkCore.Query|The LINQ expression 'where ((((((((([d].Id As Nullable`1) != null) == True) AndAlso Convert(([d].Id As Nullable`1), Int32).ToString().ToLower().Contains("types of exam")) OrElse (([d].Name != null) AndAlso [d].Name.ToLower().Contains("types of exam"))) OrElse (([d].PrewText != null) AndAlso [d].PrewText.ToLower().Contains("types of exam"))) OrElse (([d].FullText != null) AndAlso [d].FullText.ToLower().Contains("types of exam"))) OrElse (([d].Img != null) AndAlso [d].Img.ToLower().Contains("types of exam"))) OrElse (([d].Author != null) AndAlso [d].Author.ToLower().Contains("types of exam")))' could not be translated and will be evaluated locally.
2020-03-03 10:51:58.4066|WARN|Microsoft.EntityFrameworkCore.Query|The LINQ expression 'where ((((((((([d].Id As Nullable`1) != null) == True) AndAlso Convert(([d].Id As Nullable`1), Int32).ToString().ToLower().Contains("60")) OrElse (([d].Name != null) AndAlso [d].Name.ToLower().Contains("60"))) OrElse (([d].PrewText != null) AndAlso [d].PrewText.ToLower().Contains("60"))) OrElse (([d].FullText != null) AndAlso [d].FullText.ToLower().Contains("60"))) OrElse (([d].Img != null) AndAlso [d].Img.ToLower().Contains("60"))) OrElse (([d].Author != null) AndAlso [d].Author.ToLower().Contains("60")))' could not be translated and will be evaluated locally.
2020-03-03 10:52:25.9035|WARN|Microsoft.EntityFrameworkCore.Query|The LINQ expression 'where ((((((((([d].Id As Nullable`1) != null) == True) AndAlso Convert(([d].Id As Nullable`1), Int32).ToString().ToLower().Contains("60")) OrElse (([d].Name != null) AndAlso [d].Name.ToLower().Contains("60"))) OrElse (([d].PrewText != null) AndAlso [d].PrewText.ToLower().Contains("60"))) OrElse (([d].FullText != null) AndAlso [d].FullText.ToLower().Contains("60"))) OrElse (([d].Img != null) AndAlso [d].Img.ToLower().Contains("60"))) OrElse (([d].Author != null) AndAlso [d].Author.ToLower().Contains("60")))' could not be translated and will be evaluated locally.
2020-03-03 10:52:34.7658|WARN|Microsoft.EntityFrameworkCore.Query|The LINQ expression 'where ((((((((([d].Id As Nullable`1) != null) == True) AndAlso Convert(([d].Id As Nullable`1), Int32).ToString().ToLower().Contains("types of exam")) OrElse (([d].Name != null) AndAlso [d].Name.ToLower().Contains("types of exam"))) OrElse (([d].PrewText != null) AndAlso [d].PrewText.ToLower().Contains("types of exam"))) OrElse (([d].FullText != null) AndAlso [d].FullText.ToLower().Contains("types of exam"))) OrElse (([d].Img != null) AndAlso [d].Img.ToLower().Contains("types of exam"))) OrElse (([d].Author != null) AndAlso [d].Author.ToLower().Contains("types of exam")))' could not be translated and will be evaluated locally.
