2020-03-02 09:03:07.7872|ERROR|Microsoft.EntityFrameworkCore.Database.Connection|An error occurred using the connection to database 'Blog' on server '(localdb)\MSSQLLocalDB'.
2020-03-02 09:03:08.2141|ERROR|Microsoft.EntityFrameworkCore.Query|An exception occurred while iterating over the results of a query for context type 'Blog.Entities.DBContent'.
System.Data.SqlClient.SqlException (0x80131904): Connection Timeout Expired.  The timeout period elapsed while attempting to consume the pre-login handshake acknowledgement.  This could be because the pre-login handshake failed or the server was unable to respond back in time.  The duration spent while attempting to connect to this server was - [Pre-Login] initialization=18162; handshake=5;  ---> System.ComponentModel.Win32Exception (258): Время ожидания операции истекло
   at System.Data.SqlClient.SqlInternalConnectionTds..ctor(DbConnectionPoolIdentity identity, SqlConnectionString connectionOptions, SqlCredential credential, Object providerInfo, String newPassword, SecureString newSecurePassword, Boolean redirectedUserInstance, SqlConnectionString userConnectionOptions, SessionData reconnectSessionData, Boolean applyTransientFaultHandling, String accessToken)
   at System.Data.SqlClient.SqlConnectionFactory.CreateConnection(DbConnectionOptions options, DbConnectionPoolKey poolKey, Object poolGroupProviderInfo, DbConnectionPool pool, DbConnection owningConnection, DbConnectionOptions userOptions)
   at System.Data.ProviderBase.DbConnectionFactory.CreatePooledConnection(DbConnectionPool pool, DbConnection owningObject, DbConnectionOptions options, DbConnectionPoolKey poolKey, DbConnectionOptions userOptions)
   at System.Data.ProviderBase.DbConnectionPool.CreateObject(DbConnection owningObject, DbConnectionOptions userOptions, DbConnectionInternal oldConnection)
   at System.Data.ProviderBase.DbConnectionPool.UserCreateRequest(DbConnection owningObject, DbConnectionOptions userOptions, DbConnectionInternal oldConnection)
   at System.Data.ProviderBase.DbConnectionPool.TryGetConnection(DbConnection owningObject, UInt32 waitForMultipleObjectsTimeout, Boolean allowCreate, Boolean onlyOneCheckConnection, DbConnectionOptions userOptions, DbConnectionInternal& connection)
   at System.Data.ProviderBase.DbConnectionPool.TryGetConnection(DbConnection owningObject, TaskCompletionSource`1 retry, DbConnectionOptions userOptions, DbConnectionInternal& connection)
   at System.Data.ProviderBase.DbConnectionFactory.TryGetConnection(DbConnection owningConnection, TaskCompletionSource`1 retry, DbConnectionOptions userOptions, DbConnectionInternal oldConnection, DbConnectionInternal& connection)
   at System.Data.ProviderBase.DbConnectionInternal.TryOpenConnectionInternal(DbConnection outerConnection, DbConnectionFactory connectionFactory, TaskCompletionSource`1 retry, DbConnectionOptions userOptions)
   at System.Data.ProviderBase.DbConnectionClosed.TryOpenConnection(DbConnection outerConnection, DbConnectionFactory connectionFactory, TaskCompletionSource`1 retry, DbConnectionOptions userOptions)
   at System.Data.SqlClient.SqlConnection.TryOpen(TaskCompletionSource`1 retry)
   at System.Data.SqlClient.SqlConnection.Open()
   at Microsoft.EntityFrameworkCore.Storage.RelationalConnection.OpenDbConnection(Boolean errorsExpected)
   at Microsoft.EntityFrameworkCore.Storage.RelationalConnection.Open(Boolean errorsExpected)
   at Microsoft.EntityFrameworkCore.Query.Internal.QueryingEnumerable`1.Enumerator.BufferlessMoveNext(DbContext _, Boolean buffer)
   at Microsoft.EntityFrameworkCore.SqlServer.Storage.Internal.SqlServerExecutionStrategy.Execute[TState,TResult](TState state, Func`3 operation, Func`3 verifySucceeded)
   at Microsoft.EntityFrameworkCore.Query.Internal.QueryingEnumerable`1.Enumerator.MoveNext()
   at Microsoft.EntityFrameworkCore.Query.QueryMethodProvider.GetResult[TResult](IEnumerable`1 valueBuffers, Boolean throwOnNullResult)
   at Microsoft.EntityFrameworkCore.Query.Internal.LinqOperatorProvider.ResultEnumerable`1.GetEnumerator()
   at Microsoft.EntityFrameworkCore.Query.Internal.LinqOperatorProvider.ExceptionInterceptor`1.EnumeratorExceptionInterceptor.MoveNext()
ClientConnectionId:20d46e0f-7acd-4ec7-abf4-5ad3b61c0075
Error Number:-2,State:0,Class:11
2020-03-02 09:03:08.4261|ERROR|Microsoft.EntityFrameworkCore.Query|An exception occurred while iterating over the results of a query for context type 'Blog.Entities.DBContent'.
System.Data.SqlClient.SqlException (0x80131904): Connection Timeout Expired.  The timeout period elapsed while attempting to consume the pre-login handshake acknowledgement.  This could be because the pre-login handshake failed or the server was unable to respond back in time.  The duration spent while attempting to connect to this server was - [Pre-Login] initialization=18162; handshake=5;  ---> System.ComponentModel.Win32Exception (258): Время ожидания операции истекло
   at System.Data.SqlClient.SqlInternalConnectionTds..ctor(DbConnectionPoolIdentity identity, SqlConnectionString connectionOptions, SqlCredential credential, Object providerInfo, String newPassword, SecureString newSecurePassword, Boolean redirectedUserInstance, SqlConnectionString userConnectionOptions, SessionData reconnectSessionData, Boolean applyTransientFaultHandling, String accessToken)
   at System.Data.SqlClient.SqlConnectionFactory.CreateConnection(DbConnectionOptions options, DbConnectionPoolKey poolKey, Object poolGroupProviderInfo, DbConnectionPool pool, DbConnection owningConnection, DbConnectionOptions userOptions)
   at System.Data.ProviderBase.DbConnectionFactory.CreatePooledConnection(DbConnectionPool pool, DbConnection owningObject, DbConnectionOptions options, DbConnectionPoolKey poolKey, DbConnectionOptions userOptions)
   at System.Data.ProviderBase.DbConnectionPool.CreateObject(DbConnection owningObject, DbConnectionOptions userOptions, DbConnectionInternal oldConnection)
   at System.Data.ProviderBase.DbConnectionPool.UserCreateRequest(DbConnection owningObject, DbConnectionOptions userOptions, DbConnectionInternal oldConnection)
   at System.Data.ProviderBase.DbConnectionPool.TryGetConnection(DbConnection owningObject, UInt32 waitForMultipleObjectsTimeout, Boolean allowCreate, Boolean onlyOneCheckConnection, DbConnectionOptions userOptions, DbConnectionInternal& connection)
   at System.Data.ProviderBase.DbConnectionPool.TryGetConnection(DbConnection owningObject, TaskCompletionSource`1 retry, DbConnectionOptions userOptions, DbConnectionInternal& connection)
   at System.Data.ProviderBase.DbConnectionFactory.TryGetConnection(DbConnection owningConnection, TaskCompletionSource`1 retry, DbConnectionOptions userOptions, DbConnectionInternal oldConnection, DbConnectionInternal& connection)
   at System.Data.ProviderBase.DbConnectionInternal.TryOpenConnectionInternal(DbConnection outerConnection, DbConnectionFactory connectionFactory, TaskCompletionSource`1 retry, DbConnectionOptions userOptions)
   at System.Data.ProviderBase.DbConnectionClosed.TryOpenConnection(DbConnection outerConnection, DbConnectionFactory connectionFactory, TaskCompletionSource`1 retry, DbConnectionOptions userOptions)
   at System.Data.SqlClient.SqlConnection.TryOpen(TaskCompletionSource`1 retry)
   at System.Data.SqlClient.SqlConnection.Open()
   at Microsoft.EntityFrameworkCore.Storage.RelationalConnection.OpenDbConnection(Boolean errorsExpected)
   at Microsoft.EntityFrameworkCore.Storage.RelationalConnection.Open(Boolean errorsExpected)
   at Microsoft.EntityFrameworkCore.Query.Internal.QueryingEnumerable`1.Enumerator.BufferlessMoveNext(DbContext _, Boolean buffer)
   at Microsoft.EntityFrameworkCore.SqlServer.Storage.Internal.SqlServerExecutionStrategy.Execute[TState,TResult](TState state, Func`3 operation, Func`3 verifySucceeded)
   at Microsoft.EntityFrameworkCore.Query.Internal.QueryingEnumerable`1.Enumerator.MoveNext()
   at Microsoft.EntityFrameworkCore.Query.QueryMethodProvider.GetResult[TResult](IEnumerable`1 valueBuffers, Boolean throwOnNullResult)
   at Microsoft.EntityFrameworkCore.Query.Internal.LinqOperatorProvider.ResultEnumerable`1.GetEnumerator()
   at Microsoft.EntityFrameworkCore.Query.Internal.LinqOperatorProvider.ExceptionInterceptor`1.EnumeratorExceptionInterceptor.MoveNext()
   at System.Linq.Enumerable.TryGetFirst[TSource](IEnumerable`1 source, Boolean& found)
   at System.Linq.Enumerable.First[TSource](IEnumerable`1 source)
   at Microsoft.EntityFrameworkCore.Query.Internal.QueryCompiler.<>c__DisplayClass15_1`1.<CompileQueryCore>b__0(QueryContext qc)
ClientConnectionId:20d46e0f-7acd-4ec7-abf4-5ad3b61c0075
Error Number:-2,State:0,Class:11
2020-03-02 09:03:09.3281|FATAL|Microsoft.AspNetCore.Hosting.Internal.WebHost|Application startup exception
2020-03-02 09:56:53.1341|INFO|Microsoft.EntityFrameworkCore.Infrastructure|Entity Framework Core 2.2.6-servicing-10079 initialized 'DBContent' using provider 'Microsoft.EntityFrameworkCore.SqlServer' with options: None
2020-03-02 09:57:04.4004|INFO|Microsoft.EntityFrameworkCore.Infrastructure|Entity Framework Core 2.2.6-servicing-10079 initialized 'DBContent' using provider 'Microsoft.EntityFrameworkCore.SqlServer' with options: None
2020-03-02 09:57:04.5995|INFO|Microsoft.EntityFrameworkCore.Database.Command|Executed DbCommand (10ms) [Parameters=[], CommandType='Text', CommandTimeout='30']
SELECT OBJECT_ID(N'[__EFMigrationsHistory]');
2020-03-02 09:57:04.6043|INFO|Microsoft.EntityFrameworkCore.Database.Command|Executed DbCommand (1ms) [Parameters=[], CommandType='Text', CommandTimeout='30']
SELECT OBJECT_ID(N'[__EFMigrationsHistory]');
2020-03-02 09:57:04.6043|INFO|Microsoft.EntityFrameworkCore.Database.Command|Executed DbCommand (2ms) [Parameters=[], CommandType='Text', CommandTimeout='30']
SELECT [MigrationId], [ProductVersion]
FROM [__EFMigrationsHistory]
ORDER BY [MigrationId];
2020-03-02 09:57:04.6200|INFO|Microsoft.EntityFrameworkCore.Migrations|Applying migration '20200302075653_bag'.
2020-03-02 09:57:04.6478|INFO|Microsoft.EntityFrameworkCore.Database.Command|Executed DbCommand (5ms) [Parameters=[], CommandType='Text', CommandTimeout='30']
ALTER TABLE [AspNetRoleClaims] DROP CONSTRAINT [FK_AspNetRoleClaims_AspNetRoles_RoleId];
2020-03-02 09:57:04.6512|INFO|Microsoft.EntityFrameworkCore.Database.Command|Executed DbCommand (3ms) [Parameters=[], CommandType='Text', CommandTimeout='30']
ALTER TABLE [AspNetUserClaims] DROP CONSTRAINT [FK_AspNetUserClaims_AspNetUsers_UserId];
2020-03-02 09:57:04.6512|INFO|Microsoft.EntityFrameworkCore.Database.Command|Executed DbCommand (2ms) [Parameters=[], CommandType='Text', CommandTimeout='30']
ALTER TABLE [AspNetUserLogins] DROP CONSTRAINT [FK_AspNetUserLogins_AspNetUsers_UserId];
2020-03-02 09:57:04.6512|INFO|Microsoft.EntityFrameworkCore.Database.Command|Executed DbCommand (2ms) [Parameters=[], CommandType='Text', CommandTimeout='30']
ALTER TABLE [AspNetUserRoles] DROP CONSTRAINT [FK_AspNetUserRoles_AspNetRoles_RoleId];
2020-03-02 09:57:04.6512|INFO|Microsoft.EntityFrameworkCore.Database.Command|Executed DbCommand (2ms) [Parameters=[], CommandType='Text', CommandTimeout='30']
ALTER TABLE [AspNetUserRoles] DROP CONSTRAINT [FK_AspNetUserRoles_AspNetUsers_UserId];
2020-03-02 09:57:04.6512|INFO|Microsoft.EntityFrameworkCore.Database.Command|Executed DbCommand (2ms) [Parameters=[], CommandType='Text', CommandTimeout='30']
ALTER TABLE [AspNetUserTokens] DROP CONSTRAINT [FK_AspNetUserTokens_AspNetUsers_UserId];
2020-03-02 09:57:04.6663|INFO|Microsoft.EntityFrameworkCore.Database.Command|Executed DbCommand (3ms) [Parameters=[], CommandType='Text', CommandTimeout='30']
ALTER TABLE [AspNetRoleClaims] ADD CONSTRAINT [FK_AspNetRoleClaims_AspNetRoles_RoleId] FOREIGN KEY ([RoleId]) REFERENCES [AspNetRoles] ([Id]) ON DELETE NO ACTION;
2020-03-02 09:57:04.7054|INFO|Microsoft.EntityFrameworkCore.Database.Command|Executed DbCommand (2ms) [Parameters=[], CommandType='Text', CommandTimeout='30']
ALTER TABLE [AspNetUserClaims] ADD CONSTRAINT [FK_AspNetUserClaims_AspNetUsers_UserId] FOREIGN KEY ([UserId]) REFERENCES [AspNetUsers] ([Id]) ON DELETE NO ACTION;
2020-03-02 09:57:04.7054|INFO|Microsoft.EntityFrameworkCore.Database.Command|Executed DbCommand (2ms) [Parameters=[], CommandType='Text', CommandTimeout='30']
ALTER TABLE [AspNetUserLogins] ADD CONSTRAINT [FK_AspNetUserLogins_AspNetUsers_UserId] FOREIGN KEY ([UserId]) REFERENCES [AspNetUsers] ([Id]) ON DELETE NO ACTION;
2020-03-02 09:57:04.7151|INFO|Microsoft.EntityFrameworkCore.Database.Command|Executed DbCommand (6ms) [Parameters=[], CommandType='Text', CommandTimeout='30']
ALTER TABLE [AspNetUserRoles] ADD CONSTRAINT [FK_AspNetUserRoles_AspNetRoles_RoleId] FOREIGN KEY ([RoleId]) REFERENCES [AspNetRoles] ([Id]) ON DELETE NO ACTION;
2020-03-02 09:57:04.7151|INFO|Microsoft.EntityFrameworkCore.Database.Command|Executed DbCommand (8ms) [Parameters=[], CommandType='Text', CommandTimeout='30']
ALTER TABLE [AspNetUserRoles] ADD CONSTRAINT [FK_AspNetUserRoles_AspNetUsers_UserId] FOREIGN KEY ([UserId]) REFERENCES [AspNetUsers] ([Id]) ON DELETE NO ACTION;
2020-03-02 09:57:04.7151|INFO|Microsoft.EntityFrameworkCore.Database.Command|Executed DbCommand (1ms) [Parameters=[], CommandType='Text', CommandTimeout='30']
ALTER TABLE [AspNetUserTokens] ADD CONSTRAINT [FK_AspNetUserTokens_AspNetUsers_UserId] FOREIGN KEY ([UserId]) REFERENCES [AspNetUsers] ([Id]) ON DELETE NO ACTION;
2020-03-02 09:57:04.7289|INFO|Microsoft.EntityFrameworkCore.Database.Command|Executed DbCommand (2ms) [Parameters=[], CommandType='Text', CommandTimeout='30']
INSERT INTO [__EFMigrationsHistory] ([MigrationId], [ProductVersion])
VALUES (N'20200302075653_bag', N'2.2.6-servicing-10079');
2020-03-02 09:57:37.6052|INFO|Blog.Controllers.HomeController|Unexpected Status Code: 404, OriginalPath: /Administrator/DeleteRole/2dbeeb7c-91cf-45e5-88fe-8a9b3c967ab2
2020-03-02 09:58:56.5697|INFO|Blog.Controllers.HomeController|Unexpected Status Code: 404, OriginalPath: /Administrator/DeleteRole/2dbeeb7c-91cf-45e5-88fe-8a9b3c967ab2
2020-03-02 09:59:15.7561|INFO|Blog.Controllers.HomeController|Unexpected Status Code: 404, OriginalPath: /Administrator/DeleteRole/2dbeeb7c-91cf-45e5-88fe-8a9b3c967ab2
2020-03-02 09:59:50.1001|INFO|Blog.Controllers.HomeController|Unexpected Status Code: 404, OriginalPath: /Administrator/DeleteRole/f9156761-31e1-4931-8b83-968253c54f10
2020-03-02 10:00:04.0154|INFO|Blog.Controllers.HomeController|Unexpected Status Code: 404, OriginalPath: /Administrator/DeleteRole/0ffd8d02-11b9-4a50-b478-83d7e8e25cfd
2020-03-02 10:01:47.2676|INFO|Blog.Controllers.HomeController|Unexpected Status Code: 404, OriginalPath: /Administrator/DeleteRole/f9156761-31e1-4931-8b83-968253c54f10
2020-03-02 10:03:44.6885|INFO|Blog.Controllers.HomeController|Unexpected Status Code: 404, OriginalPath: /Administrator/DeleteRole/2dbeeb7c-91cf-45e5-88fe-8a9b3c967ab2
2020-03-02 10:03:51.3450|INFO|Blog.Controllers.HomeController|Unexpected Status Code: 404, OriginalPath: /Administrator/DeleteRole/2dbeeb7c-91cf-45e5-88fe-8a9b3c967ab2
2020-03-02 10:04:40.6689|INFO|Blog.Controllers.HomeController|Unexpected Status Code: 404, OriginalPath: /Administrator/DeleteRole/2dbeeb7c-91cf-45e5-88fe-8a9b3c967ab2
2020-03-02 10:05:11.8511|INFO|Blog.Controllers.HomeController|Unexpected Status Code: 404, OriginalPath: /Administrator/DeleteRole/0ffd8d02-11b9-4a50-b478-83d7e8e25cfd
2020-03-02 10:05:16.4999|INFO|Blog.Controllers.HomeController|Unexpected Status Code: 404, OriginalPath: /Administrator/DeleteRole/f9156761-31e1-4931-8b83-968253c54f10
2020-03-02 10:06:49.8035|INFO|Blog.Controllers.HomeController|Unexpected Status Code: 404, OriginalPath: /Administrator/DeleteRole/2dbeeb7c-91cf-45e5-88fe-8a9b3c967ab2
2020-03-02 10:06:53.5676|INFO|Blog.Controllers.HomeController|Unexpected Status Code: 404, OriginalPath: /Administrator/DeleteRole/0ffd8d02-11b9-4a50-b478-83d7e8e25cfd
2020-03-02 10:06:58.0167|INFO|Blog.Controllers.HomeController|Unexpected Status Code: 404, OriginalPath: /Administrator/DeleteRole/f9156761-31e1-4931-8b83-968253c54f10
2020-03-02 10:07:00.5442|INFO|Blog.Controllers.HomeController|Unexpected Status Code: 404, OriginalPath: /Administrator/DeleteRole/2dbeeb7c-91cf-45e5-88fe-8a9b3c967ab2
2020-03-02 10:07:09.8766|INFO|Blog.Controllers.HomeController|Unexpected Status Code: 404, OriginalPath: /Administrator/DeleteRole/f9156761-31e1-4931-8b83-968253c54f10
2020-03-02 10:07:14.7467|INFO|Blog.Controllers.HomeController|Unexpected Status Code: 404, OriginalPath: /Administrator/DeleteRole/0ffd8d02-11b9-4a50-b478-83d7e8e25cfd
2020-03-02 10:11:55.6844|ERROR|Microsoft.EntityFrameworkCore.Database.Command|Failed executing DbCommand (15ms) [Parameters=[@p0='?' (Size = 450), @p1='?' (Size = 4000)], CommandType='Text', CommandTimeout='30']
SET NOCOUNT ON;
DELETE FROM [AspNetRoles]
WHERE [Id] = @p0 AND [ConcurrencyStamp] = @p1;
SELECT @@ROWCOUNT;
2020-03-02 10:11:55.7667|ERROR|Microsoft.EntityFrameworkCore.Update|An exception occurred in the database while saving changes for context type 'Blog.Entities.DBContent'.
Microsoft.EntityFrameworkCore.DbUpdateException: An error occurred while updating the entries. See the inner exception for details. ---> System.Data.SqlClient.SqlException: The DELETE statement conflicted with the REFERENCE constraint "FK_AspNetUserRoles_AspNetRoles_RoleId". The conflict occurred in database "Blog", table "dbo.AspNetUserRoles", column 'RoleId'.
The statement has been terminated.
   at System.Data.SqlClient.SqlCommand.<>c.<ExecuteDbDataReaderAsync>b__122_0(Task`1 result)
   at System.Threading.Tasks.ContinuationResultTaskFromResultTask`2.InnerInvoke()
   at System.Threading.ExecutionContext.RunInternal(ExecutionContext executionContext, ContextCallback callback, Object state)
--- End of stack trace from previous location where exception was thrown ---
   at System.Threading.Tasks.Task.ExecuteWithThreadLocal(Task& currentTaskSlot)
--- End of stack trace from previous location where exception was thrown ---
   at Microsoft.EntityFrameworkCore.Storage.Internal.RelationalCommand.ExecuteAsync(IRelationalConnection connection, DbCommandMethod executeMethod, IReadOnlyDictionary`2 parameterValues, CancellationToken cancellationToken)
   at Microsoft.EntityFrameworkCore.Update.ReaderModificationCommandBatch.ExecuteAsync(IRelationalConnection connection, CancellationToken cancellationToken)
   --- End of inner exception stack trace ---
   at Microsoft.EntityFrameworkCore.Update.ReaderModificationCommandBatch.ExecuteAsync(IRelationalConnection connection, CancellationToken cancellationToken)
   at Microsoft.EntityFrameworkCore.Update.Internal.BatchExecutor.ExecuteAsync(DbContext _, ValueTuple`2 parameters, CancellationToken cancellationToken)
   at Microsoft.EntityFrameworkCore.SqlServer.Storage.Internal.SqlServerExecutionStrategy.ExecuteAsync[TState,TResult](TState state, Func`4 operation, Func`4 verifySucceeded, CancellationToken cancellationToken)
   at Microsoft.EntityFrameworkCore.ChangeTracking.Internal.StateManager.SaveChangesAsync(IReadOnlyList`1 entriesToSave, CancellationToken cancellationToken)
   at Microsoft.EntityFrameworkCore.ChangeTracking.Internal.StateManager.SaveChangesAsync(Boolean acceptAllChangesOnSuccess, CancellationToken cancellationToken)
   at Microsoft.EntityFrameworkCore.DbContext.SaveChangesAsync(Boolean acceptAllChangesOnSuccess, CancellationToken cancellationToken)
2020-03-02 10:11:55.9357|ERROR|Blog.Controllers.AdministratorController|Exception Occured : Microsoft.EntityFrameworkCore.DbUpdateException: An error occurred while updating the entries. See the inner exception for details. ---> System.Data.SqlClient.SqlException: The DELETE statement conflicted with the REFERENCE constraint "FK_AspNetUserRoles_AspNetRoles_RoleId". The conflict occurred in database "Blog", table "dbo.AspNetUserRoles", column 'RoleId'.
The statement has been terminated.
   at System.Data.SqlClient.SqlCommand.<>c.<ExecuteDbDataReaderAsync>b__122_0(Task`1 result)
   at System.Threading.Tasks.ContinuationResultTaskFromResultTask`2.InnerInvoke()
   at System.Threading.ExecutionContext.RunInternal(ExecutionContext executionContext, ContextCallback callback, Object state)
--- End of stack trace from previous location where exception was thrown ---
   at System.Threading.Tasks.Task.ExecuteWithThreadLocal(Task& currentTaskSlot)
--- End of stack trace from previous location where exception was thrown ---
   at Microsoft.EntityFrameworkCore.Storage.Internal.RelationalCommand.ExecuteAsync(IRelationalConnection connection, DbCommandMethod executeMethod, IReadOnlyDictionary`2 parameterValues, CancellationToken cancellationToken)
   at Microsoft.EntityFrameworkCore.Update.ReaderModificationCommandBatch.ExecuteAsync(IRelationalConnection connection, CancellationToken cancellationToken)
   --- End of inner exception stack trace ---
   at Microsoft.EntityFrameworkCore.Update.ReaderModificationCommandBatch.ExecuteAsync(IRelationalConnection connection, CancellationToken cancellationToken)
   at Microsoft.EntityFrameworkCore.Update.Internal.BatchExecutor.ExecuteAsync(DbContext _, ValueTuple`2 parameters, CancellationToken cancellationToken)
   at Microsoft.EntityFrameworkCore.SqlServer.Storage.Internal.SqlServerExecutionStrategy.ExecuteAsync[TState,TResult](TState state, Func`4 operation, Func`4 verifySucceeded, CancellationToken cancellationToken)
   at Microsoft.EntityFrameworkCore.ChangeTracking.Internal.StateManager.SaveChangesAsync(IReadOnlyList`1 entriesToSave, CancellationToken cancellationToken)
   at Microsoft.EntityFrameworkCore.ChangeTracking.Internal.StateManager.SaveChangesAsync(Boolean acceptAllChangesOnSuccess, CancellationToken cancellationToken)
   at Microsoft.EntityFrameworkCore.DbContext.SaveChangesAsync(Boolean acceptAllChangesOnSuccess, CancellationToken cancellationToken)
   at Microsoft.AspNetCore.Identity.EntityFrameworkCore.RoleStore`5.SaveChanges(CancellationToken cancellationToken)
   at Microsoft.AspNetCore.Identity.EntityFrameworkCore.RoleStore`5.DeleteAsync(TRole role, CancellationToken cancellationToken)
   at Blog.Controllers.AdministratorController.DeleteRole(String id) in D:\Study\ASP .NET Core\Blog\Blog\Controllers\AdministratorController.cs:line 235
