2020-02-17 11:05:31.0891|WARN|Blog.Controllers.ErrorController|404 Error Occured. Path = /img/resume-vs-cover-letter.jpg and QueryString = 
2020-02-17 11:05:33.5348|WARN|Blog.Controllers.ErrorController|404 Error Occured. Path = /img/resume-vs-cover-letter.jpg and QueryString = 
2020-02-17 11:05:35.1301|TRACE|Blog.Controllers.BlogController|Trace Log
2020-02-17 11:05:35.1403|DEBUG|Blog.Controllers.BlogController|Debug Log
2020-02-17 11:05:35.1403|INFO|Blog.Controllers.BlogController|Information Log
2020-02-17 11:05:35.1481|WARN|Blog.Controllers.BlogController|Warning Log
2020-02-17 11:05:35.1481|ERROR|Blog.Controllers.BlogController|Error Log
2020-02-17 11:05:35.1481|FATAL|Blog.Controllers.BlogController|Critical Log
2020-02-17 11:05:35.3391|WARN|Blog.Controllers.ErrorController|404 Error Occured. Path = /img/resume-vs-cover-letter.jpg and QueryString = 
2020-02-17 11:07:33.4089|TRACE|Blog.Controllers.BlogController|Trace Log
2020-02-17 11:07:33.4686|DEBUG|Blog.Controllers.BlogController|Debug Log
2020-02-17 11:07:33.4686|INFO|Blog.Controllers.BlogController|Information Log
2020-02-17 11:07:33.4789|WARN|Blog.Controllers.BlogController|Warning Log
2020-02-17 11:07:33.4789|ERROR|Blog.Controllers.BlogController|Error Log
2020-02-17 11:07:33.4910|FATAL|Blog.Controllers.BlogController|Critical Log
2020-02-17 11:07:33.9645|INFO|Blog.Controllers.HomeController|Unexpected Status Code: 404, OriginalPath: /img/resume-vs-cover-letter.jpg
2020-02-17 11:08:14.2260|TRACE|Blog.Controllers.BlogController|Trace Log
2020-02-17 11:08:14.2500|DEBUG|Blog.Controllers.BlogController|Debug Log
2020-02-17 11:08:14.2605|INFO|Blog.Controllers.BlogController|Information Log
2020-02-17 11:08:14.2942|WARN|Blog.Controllers.BlogController|Warning Log
2020-02-17 11:08:14.3099|ERROR|Blog.Controllers.BlogController|Error Log
2020-02-17 11:08:14.3363|FATAL|Blog.Controllers.BlogController|Critical Log
2020-02-17 11:08:19.7073|INFO|Blog.Controllers.HomeController|Unexpected Status Code: 404, OriginalPath: /dcasdfc/Blog
2020-02-17 11:08:24.7047|TRACE|Blog.Controllers.BlogController|Trace Log
2020-02-17 11:08:24.7094|DEBUG|Blog.Controllers.BlogController|Debug Log
2020-02-17 11:08:24.7094|INFO|Blog.Controllers.BlogController|Information Log
2020-02-17 11:08:24.7257|WARN|Blog.Controllers.BlogController|Warning Log
2020-02-17 11:08:24.7257|ERROR|Blog.Controllers.BlogController|Error Log
2020-02-17 11:08:24.7517|FATAL|Blog.Controllers.BlogController|Critical Log
2020-02-17 11:08:28.9855|TRACE|Blog.Controllers.BlogController|Trace Log
2020-02-17 11:08:29.0044|DEBUG|Blog.Controllers.BlogController|Debug Log
2020-02-17 11:08:29.0100|INFO|Blog.Controllers.BlogController|Information Log
2020-02-17 11:08:29.0441|WARN|Blog.Controllers.BlogController|Warning Log
2020-02-17 11:08:29.0604|ERROR|Blog.Controllers.BlogController|Error Log
2020-02-17 11:08:29.0784|FATAL|Blog.Controllers.BlogController|Critical Log
2020-02-17 22:03:02.7682|INFO|Microsoft.EntityFrameworkCore.Infrastructure|Entity Framework Core 2.2.6-servicing-10079 initialized 'DBContent' using provider 'Microsoft.EntityFrameworkCore.SqlServer' with options: None
2020-02-17 22:03:17.7069|INFO|Microsoft.EntityFrameworkCore.Infrastructure|Entity Framework Core 2.2.6-servicing-10079 initialized 'DBContent' using provider 'Microsoft.EntityFrameworkCore.SqlServer' with options: None
2020-02-17 22:03:18.0576|INFO|Microsoft.EntityFrameworkCore.Database.Command|Executed DbCommand (9ms) [Parameters=[], CommandType='Text', CommandTimeout='30']
SELECT OBJECT_ID(N'[__EFMigrationsHistory]');
2020-02-17 22:03:18.0576|INFO|Microsoft.EntityFrameworkCore.Database.Command|Executed DbCommand (0ms) [Parameters=[], CommandType='Text', CommandTimeout='30']
SELECT OBJECT_ID(N'[__EFMigrationsHistory]');
2020-02-17 22:03:18.0576|INFO|Microsoft.EntityFrameworkCore.Database.Command|Executed DbCommand (1ms) [Parameters=[], CommandType='Text', CommandTimeout='30']
SELECT [MigrationId], [ProductVersion]
FROM [__EFMigrationsHistory]
ORDER BY [MigrationId];
2020-02-17 22:03:18.0744|INFO|Microsoft.EntityFrameworkCore.Migrations|Applying migration '20200217200303_add identity'.
2020-02-17 22:03:18.1388|INFO|Microsoft.EntityFrameworkCore.Database.Command|Executed DbCommand (6ms) [Parameters=[], CommandType='Text', CommandTimeout='30']
CREATE TABLE [AspNetRoles] (
    [Id] nvarchar(450) NOT NULL,
    [Name] nvarchar(256) NULL,
    [NormalizedName] nvarchar(256) NULL,
    [ConcurrencyStamp] nvarchar(max) NULL,
    CONSTRAINT [PK_AspNetRoles] PRIMARY KEY ([Id])
);
2020-02-17 22:03:18.1388|INFO|Microsoft.EntityFrameworkCore.Database.Command|Executed DbCommand (2ms) [Parameters=[], CommandType='Text', CommandTimeout='30']
CREATE TABLE [AspNetUsers] (
    [Id] nvarchar(450) NOT NULL,
    [UserName] nvarchar(256) NULL,
    [NormalizedUserName] nvarchar(256) NULL,
    [Email] nvarchar(256) NULL,
    [NormalizedEmail] nvarchar(256) NULL,
    [EmailConfirmed] bit NOT NULL,
    [PasswordHash] nvarchar(max) NULL,
    [SecurityStamp] nvarchar(max) NULL,
    [ConcurrencyStamp] nvarchar(max) NULL,
    [PhoneNumber] nvarchar(max) NULL,
    [PhoneNumberConfirmed] bit NOT NULL,
    [TwoFactorEnabled] bit NOT NULL,
    [LockoutEnd] datetimeoffset NULL,
    [LockoutEnabled] bit NOT NULL,
    [AccessFailedCount] int NOT NULL,
    CONSTRAINT [PK_AspNetUsers] PRIMARY KEY ([Id])
);
2020-02-17 22:03:18.1388|INFO|Microsoft.EntityFrameworkCore.Database.Command|Executed DbCommand (3ms) [Parameters=[], CommandType='Text', CommandTimeout='30']
CREATE TABLE [AspNetRoleClaims] (
    [Id] int NOT NULL IDENTITY,
    [RoleId] nvarchar(450) NOT NULL,
    [ClaimType] nvarchar(max) NULL,
    [ClaimValue] nvarchar(max) NULL,
    CONSTRAINT [PK_AspNetRoleClaims] PRIMARY KEY ([Id]),
    CONSTRAINT [FK_AspNetRoleClaims_AspNetRoles_RoleId] FOREIGN KEY ([RoleId]) REFERENCES [AspNetRoles] ([Id]) ON DELETE CASCADE
);
2020-02-17 22:03:18.1491|INFO|Microsoft.EntityFrameworkCore.Database.Command|Executed DbCommand (3ms) [Parameters=[], CommandType='Text', CommandTimeout='30']
CREATE TABLE [AspNetUserClaims] (
    [Id] int NOT NULL IDENTITY,
    [UserId] nvarchar(450) NOT NULL,
    [ClaimType] nvarchar(max) NULL,
    [ClaimValue] nvarchar(max) NULL,
    CONSTRAINT [PK_AspNetUserClaims] PRIMARY KEY ([Id]),
    CONSTRAINT [FK_AspNetUserClaims_AspNetUsers_UserId] FOREIGN KEY ([UserId]) REFERENCES [AspNetUsers] ([Id]) ON DELETE CASCADE
);
2020-02-17 22:03:18.5463|INFO|Microsoft.EntityFrameworkCore.Database.Command|Executed DbCommand (43ms) [Parameters=[], CommandType='Text', CommandTimeout='30']
CREATE TABLE [AspNetUserLogins] (
    [LoginProvider] nvarchar(450) NOT NULL,
    [ProviderKey] nvarchar(450) NOT NULL,
    [ProviderDisplayName] nvarchar(max) NULL,
    [UserId] nvarchar(450) NOT NULL,
    CONSTRAINT [PK_AspNetUserLogins] PRIMARY KEY ([LoginProvider], [ProviderKey]),
    CONSTRAINT [FK_AspNetUserLogins_AspNetUsers_UserId] FOREIGN KEY ([UserId]) REFERENCES [AspNetUsers] ([Id]) ON DELETE CASCADE
);
2020-02-17 22:03:18.5589|INFO|Microsoft.EntityFrameworkCore.Database.Command|Executed DbCommand (11ms) [Parameters=[], CommandType='Text', CommandTimeout='30']
CREATE TABLE [AspNetUserRoles] (
    [UserId] nvarchar(450) NOT NULL,
    [RoleId] nvarchar(450) NOT NULL,
    CONSTRAINT [PK_AspNetUserRoles] PRIMARY KEY ([UserId], [RoleId]),
    CONSTRAINT [FK_AspNetUserRoles_AspNetRoles_RoleId] FOREIGN KEY ([RoleId]) REFERENCES [AspNetRoles] ([Id]) ON DELETE CASCADE,
    CONSTRAINT [FK_AspNetUserRoles_AspNetUsers_UserId] FOREIGN KEY ([UserId]) REFERENCES [AspNetUsers] ([Id]) ON DELETE CASCADE
);
2020-02-17 22:03:18.5676|INFO|Microsoft.EntityFrameworkCore.Database.Command|Executed DbCommand (7ms) [Parameters=[], CommandType='Text', CommandTimeout='30']
CREATE TABLE [AspNetUserTokens] (
    [UserId] nvarchar(450) NOT NULL,
    [LoginProvider] nvarchar(450) NOT NULL,
    [Name] nvarchar(450) NOT NULL,
    [Value] nvarchar(max) NULL,
    CONSTRAINT [PK_AspNetUserTokens] PRIMARY KEY ([UserId], [LoginProvider], [Name]),
    CONSTRAINT [FK_AspNetUserTokens_AspNetUsers_UserId] FOREIGN KEY ([UserId]) REFERENCES [AspNetUsers] ([Id]) ON DELETE CASCADE
);
2020-02-17 22:03:19.8887|INFO|Microsoft.EntityFrameworkCore.Database.Command|Executed DbCommand (1ms) [Parameters=[], CommandType='Text', CommandTimeout='30']
CREATE INDEX [IX_AspNetRoleClaims_RoleId] ON [AspNetRoleClaims] ([RoleId]);
2020-02-17 22:03:19.8887|INFO|Microsoft.EntityFrameworkCore.Database.Command|Executed DbCommand (1ms) [Parameters=[], CommandType='Text', CommandTimeout='30']
CREATE UNIQUE INDEX [RoleNameIndex] ON [AspNetRoles] ([NormalizedName]) WHERE [NormalizedName] IS NOT NULL;
2020-02-17 22:03:19.8887|INFO|Microsoft.EntityFrameworkCore.Database.Command|Executed DbCommand (1ms) [Parameters=[], CommandType='Text', CommandTimeout='30']
CREATE INDEX [IX_AspNetUserClaims_UserId] ON [AspNetUserClaims] ([UserId]);
2020-02-17 22:03:19.8887|INFO|Microsoft.EntityFrameworkCore.Database.Command|Executed DbCommand (1ms) [Parameters=[], CommandType='Text', CommandTimeout='30']
CREATE INDEX [IX_AspNetUserLogins_UserId] ON [AspNetUserLogins] ([UserId]);
2020-02-17 22:03:19.8975|INFO|Microsoft.EntityFrameworkCore.Database.Command|Executed DbCommand (2ms) [Parameters=[], CommandType='Text', CommandTimeout='30']
CREATE INDEX [IX_AspNetUserRoles_RoleId] ON [AspNetUserRoles] ([RoleId]);
2020-02-17 22:03:19.8975|INFO|Microsoft.EntityFrameworkCore.Database.Command|Executed DbCommand (1ms) [Parameters=[], CommandType='Text', CommandTimeout='30']
CREATE INDEX [EmailIndex] ON [AspNetUsers] ([NormalizedEmail]);
2020-02-17 22:03:19.8975|INFO|Microsoft.EntityFrameworkCore.Database.Command|Executed DbCommand (1ms) [Parameters=[], CommandType='Text', CommandTimeout='30']
CREATE UNIQUE INDEX [UserNameIndex] ON [AspNetUsers] ([NormalizedUserName]) WHERE [NormalizedUserName] IS NOT NULL;
2020-02-17 22:03:19.8975|INFO|Microsoft.EntityFrameworkCore.Database.Command|Executed DbCommand (2ms) [Parameters=[], CommandType='Text', CommandTimeout='30']
INSERT INTO [__EFMigrationsHistory] ([MigrationId], [ProductVersion])
VALUES (N'20200217200303_add identity', N'2.2.6-servicing-10079');
2020-02-17 22:04:09.3020|ERROR|Microsoft.AspNetCore.Server.Kestrel|Connection id "0HLTJSI58BR6L", Request id "0HLTJSI58BR6L:00000003": An unhandled exception was thrown by the application.
